2023-12-01 02:54:42,696 - INFO - /home/sashi/Documents/Projects/Anime/extract-training-from-anime/data/training/booru/1_character/Terakomari
2023-12-01 02:54:42,696 - INFO - sampling probability: 0.039473684210526314
2023-12-01 02:54:42,696 - INFO - number of images: 45
2023-12-01 02:54:42,696 - INFO - original multipy: 1.0
2023-12-01 02:54:42,696 - INFO - final multipy: 1.0

2023-12-01 02:54:42,696 - INFO - /home/sashi/Documents/Projects/Anime/extract-training-from-anime/data/training/booru/1_character/character_others
2023-12-01 02:54:42,696 - INFO - sampling probability: 0.031578947368421054
2023-12-01 02:54:42,696 - INFO - number of images: 18
2023-12-01 02:54:42,696 - INFO - original multipy: 2.0000000000000004
2023-12-01 02:54:42,696 - INFO - final multipy: 2.0

2023-12-01 02:54:42,696 - INFO - /home/sashi/Documents/Projects/Anime/extract-training-from-anime/data/training/booru/1_character/Sakuna
2023-12-01 02:54:42,696 - INFO - sampling probability: 0.039473684210526314
2023-12-01 02:54:42,696 - INFO - number of images: 16
2023-12-01 02:54:42,696 - INFO - original multipy: 2.8125
2023-12-01 02:54:42,696 - INFO - final multipy: 2.81

2023-12-01 02:54:42,696 - INFO - /home/sashi/Documents/Projects/Anime/extract-training-from-anime/data/training/booru/1_character/villhaze
2023-12-01 02:54:42,696 - INFO - sampling probability: 0.039473684210526314
2023-12-01 02:54:42,696 - INFO - number of images: 13
2023-12-01 02:54:42,697 - INFO - original multipy: 3.461538461538462
2023-12-01 02:54:42,697 - INFO - final multipy: 3.46

2023-12-01 02:54:42,697 - INFO - /home/sashi/Documents/Projects/Anime/extract-training-from-anime/data/training/screenshots/1_character/Terakomari
2023-12-01 02:54:42,697 - INFO - sampling probability: 0.13392857142857142
2023-12-01 02:54:42,697 - INFO - number of images: 33
2023-12-01 02:54:42,697 - INFO - original multipy: 4.626623376623376
2023-12-01 02:54:42,697 - INFO - final multipy: 4.63

2023-12-01 02:54:42,697 - INFO - /home/sashi/Documents/Projects/Anime/extract-training-from-anime/data/training/screenshots/0_characters/character_others
2023-12-01 02:54:42,697 - INFO - sampling probability: 0.125
2023-12-01 02:54:42,697 - INFO - number of images: 24
2023-12-01 02:54:42,697 - INFO - original multipy: 5.9375
2023-12-01 02:54:42,697 - INFO - final multipy: 5.94

2023-12-01 02:54:42,697 - INFO - /home/sashi/Documents/Projects/Anime/extract-training-from-anime/data/training/booru/2+_characters/character_others
2023-12-01 02:54:42,697 - INFO - sampling probability: 0.1
2023-12-01 02:54:42,697 - INFO - number of images: 18
2023-12-01 02:54:42,697 - INFO - original multipy: 6.333333333333334
2023-12-01 02:54:42,697 - INFO - final multipy: 6.33

2023-12-01 02:54:42,697 - INFO - /home/sashi/Documents/Projects/Anime/extract-training-from-anime/data/training/screenshots/1_character/Villhaze
2023-12-01 02:54:42,697 - INFO - sampling probability: 0.13392857142857142
2023-12-01 02:54:42,697 - INFO - number of images: 16
2023-12-01 02:54:42,697 - INFO - original multipy: 9.542410714285715
2023-12-01 02:54:42,697 - INFO - final multipy: 9.54

2023-12-01 02:54:42,697 - INFO - /home/sashi/Documents/Projects/Anime/extract-training-from-anime/data/training/screenshots/1_character/character_others
2023-12-01 02:54:42,698 - INFO - sampling probability: 0.10714285714285715
2023-12-01 02:54:42,698 - INFO - number of images: 7
2023-12-01 02:54:42,698 - INFO - original multipy: 17.44897959183674
2023-12-01 02:54:42,698 - INFO - final multipy: 17.45

2023-12-01 02:54:42,698 - INFO - /home/sashi/Documents/Projects/Anime/extract-training-from-anime/data/training/screenshots/2_characters/Terakomari+Villhaze
2023-12-01 02:54:42,698 - INFO - sampling probability: 0.25
2023-12-01 02:54:42,698 - INFO - number of images: 12
2023-12-01 02:54:42,698 - INFO - original multipy: 23.75
2023-12-01 02:54:42,698 - INFO - final multipy: 23.75

2023-12-01 02:54:42,698 - INFO - Number of images: 202
2023-12-01 02:54:42,698 - INFO - Virtual dataset size: 1140.02
