2023-12-01 02:53:38,823 - INFO - -------------Start stage 3-------------
2023-12-01 02:53:38,824 - INFO - Classifying characters to /home/sashi/Documents/Projects/Anime/extract-training-from-anime/data/intermediate/screenshots/classified ...
2023-12-01 02:53:38,837 - INFO - Extracting feature of 101 images ...
2023-12-01 02:53:38,897 - INFO - Clustering ...
2023-12-01 02:53:38,956 - INFO - Cluster complete, with 5 clusters.
2023-12-01 02:53:38,956 - INFO - Current label count: {-1: 27, 0: 7, 1: 10, 2: 8, 3: 13, 4: 7, 5: 29}
2023-12-01 02:53:38,964 - INFO - Extracting feature of 253 images ...
2023-12-01 02:54:02,946 - INFO - Matching for noises ...
2023-12-01 02:54:05,477 - INFO - Noise extracting complete.
2023-12-01 02:54:05,477 - INFO - Current label count: {-1: 7, 2: 2, 8: 1, 15: 7, 18: 3, 19: 7, 20: 10, 21: 11, 22: 13, 23: 10, 24: 30}
2023-12-01 02:54:05,478 - INFO - Classifying using reference images ...
2023-12-01 02:54:10,325 - INFO - Merging clusters ...
2023-12-01 02:54:10,325 - INFO - Merge complete, remained cluster ids: [2, 8, 15, 18].
2023-12-01 02:54:10,326 - INFO - Current label count: {-1: 7, 2: 2, 8: 18, 15: 47, 18: 27}
2023-12-01 02:54:10,326 - INFO - Matching for noises ...
2023-12-01 02:54:10,326 - INFO - Noise extracting complete.
2023-12-01 02:54:10,326 - INFO - Current label count: {-1: 7, 2: 2, 8: 18, 15: 47, 18: 27}
2023-12-01 02:54:10,327 - INFO - Filtering characters from images ...
2023-12-01 02:54:10,328 - INFO - Filtering complete.
2023-12-01 02:54:10,328 - INFO - Current label count: {-1.0: 23, 2.0: 2, 8.0: 2, 15.0: 47, 18.0: 27}
2023-12-01 02:54:10,328 - INFO - class 0_noise has 23 images in total.
2023-12-01 02:54:10,329 - INFO - class Chaostel has 2 images in total.
2023-12-01 02:54:10,329 - INFO - class Melca has 2 images in total.
2023-12-01 02:54:10,330 - INFO - class Terakomari/cone hair bun/uniform has 47 images in total.
2023-12-01 02:54:10,331 - INFO - class Villhaze has 27 images in total.
2023-12-01 02:54:10,333 - INFO - -------------Start stage 4-------------
2023-12-01 02:54:10,334 - INFO - Preparing dataset images to /home/sashi/Documents/Projects/Anime/extract-training-from-anime/data/training/screenshots ...
2023-12-01 02:54:10,338 - INFO - Initialize metadata for raw images ...
2023-12-01 02:54:10,349 - INFO - Saving characters to metadata ...
2023-12-01 02:54:10,628 - INFO - Processing images from /home/sashi/Documents/Projects/Anime/extract-training-from-anime/data/intermediate/screenshots/classified ...
2023-12-01 02:54:16,173 - INFO - Processing images from /home/sashi/Documents/Projects/Anime/extract-training-from-anime/data/intermediate/screenshots/raw ...
2023-12-01 02:54:19,980 - INFO - Copying 44 no character images ...
2023-12-01 02:54:24,288 - INFO - Removing duplicates from /home/sashi/Documents/Projects/Anime/extract-training-from-anime/data/training/screenshots ...
2023-12-01 02:54:25,263 - INFO - Compute embeddings ...
2023-12-01 02:54:27,489 - INFO - Removing similar images ...
2023-12-01 02:54:27,709 - INFO - Compute embeddings ...
2023-12-01 02:54:30,684 - INFO - Removing similar images ...
2023-12-01 02:54:30,788 - INFO - Compute embeddings ...
2023-12-01 02:54:32,369 - INFO - Removing similar images ...
2023-12-01 02:54:32,380 - INFO - -------------Start stage 5-------------
2023-12-01 02:54:32,589 - INFO - Tagging and captioning images in /home/sashi/Documents/Projects/Anime/extract-training-from-anime/data/training/screenshots ...
2023-12-01 02:54:42,621 - INFO - -------------Start stage 6-------------
2023-12-01 02:54:42,622 - INFO - Rearranging /home/sashi/Documents/Projects/Anime/extract-training-from-anime/data/training/screenshots ...
2023-12-01 02:54:42,634 - INFO - Constructing dictionary for auxiliary files...
2023-12-01 02:54:42,635 - INFO - Rearranging...
2023-12-01 02:54:42,665 - INFO - Constructing dictionary for auxiliary files...
2023-12-01 02:54:42,672 - INFO - Merging folders...
2023-12-01 02:54:42,672 - INFO - Chaostel has fewer than 10 images; renamed as character_others
2023-12-01 02:54:42,673 - INFO - Melca has fewer than 10 images; renamed as character_others
